<?xml version="1.0" encoding="UTF-8"?>
<!-- Generated by org.testng.reporters.JUnitReportReporter -->
<testsuite hostname="mds-MacBook-Pro.fios-router.home" failures="0" tests="1" name="com.gits.herokuapp.tests.InvalidPassword" time="1.495" errors="0" timestamp="2023-04-19T16:03:00 EDT" skipped="0">
  <testcase classname="com.gits.herokuapp.tests.InvalidPassword" name="invalidPassword" time="1.495"/>
  <system-out/>
</testsuite> <!-- com.gits.herokuapp.tests.InvalidPassword -->
